This is pdfTeX, Version 3.14159265-2.6-1.40.18 (MiKTeX 2.9.6500 64-bit) (preloaded format=pdflatex 2017.11.26)  26 NOV 2017 23:40
entering extended mode
**./tarea3.tex
(tarea3.tex
LaTeX2e <2017-04-15>
Babel <3.10> and hyphenation patterns for 75 language(s) loaded.
("C:\Program Files\MiKTeX\tex\latex\base\article.cls"
Document Class: article 2014/09/29 v1.4h Standard LaTeX document class
("C:\Program Files\MiKTeX\tex\latex\base\size11.clo"
File: size11.clo 2014/09/29 v1.4h Standard LaTeX file (size option)
)
\c@part=\count79
\c@section=\count80
\c@subsection=\count81
\c@subsubsection=\count82
\c@paragraph=\count83
\c@subparagraph=\count84
\c@figure=\count85
\c@table=\count86
\abovecaptionskip=\skip41
\belowcaptionskip=\skip42
\bibindent=\dimen102
)
("C:\Program Files\MiKTeX\tex\latex\base\inputenc.sty"
Package: inputenc 2015/03/17 v1.2c Input encoding file
\inpenc@prehook=\toks14
\inpenc@posthook=\toks15

("C:\Program Files\MiKTeX\tex\latex\base\latin1.def"
File: latin1.def 2015/03/17 v1.2c Input encoding file
))
("C:\Program Files\MiKTeX\tex\generic\babel\babel.sty"
Package: babel 2017/11/03 3.15 The Babel package

("C:\Program Files\MiKTeX\tex\generic\babel\switch.def"
File: switch.def 2017/11/03 3.15 Babel switching mechanism
)
*************************************
* Local config file bblopts.cfg used
*
("C:\Program Files\MiKTeX\tex\latex\arabi\bblopts.cfg"
File: bblopts.cfg 2005/09/08 v0.1 add Arabic and Farsi to "declared" options of
 babel
)
("C:\Program Files\MiKTeX\tex\latex\babel-spanish\spanish.ldf"
Language: spanish.ldf 2016/03/03 v5.0p Spanish support from the babel system

("C:\Program Files\MiKTeX\tex\generic\babel\babel.def"
File: babel.def 2017/11/03 3.15 Babel common definitions

("C:\Program Files\MiKTeX\tex\generic\babel\switch.def"
File: switch.def 2017/11/03 3.15 Babel switching mechanism
)
\babel@savecnt=\count87
\U@D=\dimen103
)
\es@quottoks=\toks16
\es@quotdepth=\count88
Package babel Info: Making " an active character on input line 561.
Package babel Info: Making . an active character on input line 662.
Package babel Info: Making < an active character on input line 707.
Package babel Info: Making > an active character on input line 707.
))
("C:\Program Files\MiKTeX\tex\latex\amsmath\amsmath.sty"
Package: amsmath 2017/09/02 v2.17a AMS math features
\@mathmargin=\skip43

For additional information on amsmath, use the `?' option.
("C:\Program Files\MiKTeX\tex\latex\amsmath\amstext.sty"
Package: amstext 2000/06/29 v2.01 AMS text

("C:\Program Files\MiKTeX\tex\latex\amsmath\amsgen.sty"
File: amsgen.sty 1999/11/30 v2.0 generic functions
\@emptytoks=\toks17
\ex@=\dimen104
))
("C:\Program Files\MiKTeX\tex\latex\amsmath\amsbsy.sty"
Package: amsbsy 1999/11/29 v1.2d Bold Symbols
\pmbraise@=\dimen105
)
("C:\Program Files\MiKTeX\tex\latex\amsmath\amsopn.sty"
Package: amsopn 2016/03/08 v2.02 operator names
)
\inf@bad=\count89
LaTeX Info: Redefining \frac on input line 213.
\uproot@=\count90
\leftroot@=\count91
LaTeX Info: Redefining \overline on input line 375.
\classnum@=\count92
\DOTSCASE@=\count93
LaTeX Info: Redefining \ldots on input line 472.
LaTeX Info: Redefining \dots on input line 475.
LaTeX Info: Redefining \cdots on input line 596.
\Mathstrutbox@=\box26
\strutbox@=\box27
\big@size=\dimen106
LaTeX Font Info:    Redeclaring font encoding OML on input line 712.
LaTeX Font Info:    Redeclaring font encoding OMS on input line 713.
\macc@depth=\count94
\c@MaxMatrixCols=\count95
\dotsspace@=\muskip10
\c@parentequation=\count96
\dspbrk@lvl=\count97
\tag@help=\toks18
\row@=\count98
\column@=\count99
\maxfields@=\count100
\andhelp@=\toks19
\eqnshift@=\dimen107
\alignsep@=\dimen108
\tagshift@=\dimen109
\tagwidth@=\dimen110
\totwidth@=\dimen111
\lineht@=\dimen112
\@envbody=\toks20
\multlinegap=\skip44
\multlinetaggap=\skip45
\mathdisplay@stack=\toks21
LaTeX Info: Redefining \[ on input line 2817.
LaTeX Info: Redefining \] on input line 2818.
)
("C:\Program Files\MiKTeX\tex\latex\amsfonts\amsfonts.sty"
Package: amsfonts 2013/01/14 v3.01 Basic AMSFonts support
\symAMSa=\mathgroup4
\symAMSb=\mathgroup5
LaTeX Font Info:    Overwriting math alphabet `\mathfrak' in version `bold'
(Font)                  U/euf/m/n --> U/euf/b/n on input line 106.
)
("C:\Program Files\MiKTeX\tex\latex\amsfonts\amssymb.sty"
Package: amssymb 2013/01/14 v3.01 AMS font symbols
)
("C:\Program Files\MiKTeX\tex\latex\graphics\graphicx.sty"
Package: graphicx 2017/06/01 v1.1a Enhanced LaTeX Graphics (DPC,SPQR)

("C:\Program Files\MiKTeX\tex\latex\graphics\keyval.sty"
Package: keyval 2014/10/28 v1.15 key=value parser (DPC)
\KV@toks@=\toks22
)
("C:\Program Files\MiKTeX\tex\latex\graphics\graphics.sty"
Package: graphics 2017/06/25 v1.2c Standard LaTeX Graphics (DPC,SPQR)

("C:\Program Files\MiKTeX\tex\latex\graphics\trig.sty"
Package: trig 2016/01/03 v1.10 sin cos tan (DPC)
)
("C:\Program Files\MiKTeX\tex\latex\graphics-cfg\graphics.cfg"
File: graphics.cfg 2016/06/04 v1.11 sample graphics configuration
)
Package graphics Info: Driver file: pdftex.def on input line 99.

("C:\Program Files\MiKTeX\tex\latex\graphics-def\pdftex.def"
File: pdftex.def 2017/06/24 v1.0g Graphics/color driver for pdftex
))
\Gin@req@height=\dimen113
\Gin@req@width=\dimen114
)
("C:\Program Files\MiKTeX\tex\latex\tools\enumerate.sty"
Package: enumerate 2015/07/23 v3.00 enumerate extensions (DPC)
\@enLab=\toks23
)
("C:\Program Files\MiKTeX\tex\latex\geometry\geometry.sty"
Package: geometry 2010/09/12 v5.6 Page Geometry

("C:\Program Files\MiKTeX\tex\generic\oberdiek\ifpdf.sty"
Package: ifpdf 2017/03/15 v3.2 Provides the ifpdf switch
)
("C:\Program Files\MiKTeX\tex\generic\oberdiek\ifvtex.sty"
Package: ifvtex 2016/05/16 v1.6 Detect VTeX and its facilities (HO)
Package ifvtex Info: VTeX not detected.
)
("C:\Program Files\MiKTeX\tex\generic\ifxetex\ifxetex.sty"
Package: ifxetex 2010/09/12 v0.6 Provides ifxetex conditional
)
\Gm@cnth=\count101
\Gm@cntv=\count102
\c@Gm@tempcnt=\count103
\Gm@bindingoffset=\dimen115
\Gm@wd@mp=\dimen116
\Gm@odd@mp=\dimen117
\Gm@even@mp=\dimen118
\Gm@layoutwidth=\dimen119
\Gm@layoutheight=\dimen120
\Gm@layouthoffset=\dimen121
\Gm@layoutvoffset=\dimen122
\Gm@dimlist=\toks24

("C:\Program Files\MiKTeX\tex\latex\geometry\geometry.cfg")) (tarea3.aux
LaTeX Info: Redefining \. on input line 6.
LaTeX Info: Redefining \% on input line 6.
)
\openout1 = `tarea3.aux'.

LaTeX Font Info:    Checking defaults for OML/cmm/m/it on input line 16.
LaTeX Font Info:    ... okay on input line 16.
LaTeX Font Info:    Checking defaults for T1/cmr/m/n on input line 16.
LaTeX Font Info:    ... okay on input line 16.
LaTeX Font Info:    Checking defaults for OT1/cmr/m/n on input line 16.
LaTeX Font Info:    ... okay on input line 16.
LaTeX Font Info:    Checking defaults for OMS/cmsy/m/n on input line 16.
LaTeX Font Info:    ... okay on input line 16.
LaTeX Font Info:    Checking defaults for OMX/cmex/m/n on input line 16.
LaTeX Font Info:    ... okay on input line 16.
LaTeX Font Info:    Checking defaults for U/cmr/m/n on input line 16.
LaTeX Font Info:    ... okay on input line 16.
LaTeX Info: Redefining \. on input line 16.
LaTeX Info: Redefining \% on input line 16.

("C:\Program Files\MiKTeX\tex\context\base\supp-pdf.mkii"
[Loading MPS to PDF converter (version 2006.09.02).]
\scratchcounter=\count104
\scratchdimen=\dimen123
\scratchbox=\box28
\nofMPsegments=\count105
\nofMParguments=\count106
\everyMPshowfont=\toks25
\MPscratchCnt=\count107
\MPscratchDim=\dimen124
\MPnumerator=\count108
\makeMPintoPDFobject=\count109
\everyMPtoPDFconversion=\toks26
) ("C:\Program Files\MiKTeX\tex\latex\oberdiek\epstopdf-base.sty"
Package: epstopdf-base 2016/05/15 v2.6 Base part for package epstopdf

("C:\Program Files\MiKTeX\tex\generic\oberdiek\infwarerr.sty"
Package: infwarerr 2016/05/16 v1.4 Providing info/warning/error messages (HO)
)
("C:\Program Files\MiKTeX\tex\latex\oberdiek\grfext.sty"
Package: grfext 2016/05/16 v1.2 Manage graphics extensions (HO)

("C:\Program Files\MiKTeX\tex\generic\oberdiek\kvdefinekeys.sty"
Package: kvdefinekeys 2016/05/16 v1.4 Define keys (HO)

("C:\Program Files\MiKTeX\tex\generic\oberdiek\ltxcmds.sty"
Package: ltxcmds 2016/05/16 v1.23 LaTeX kernel commands for general use (HO)
)))
("C:\Program Files\MiKTeX\tex\latex\oberdiek\kvoptions.sty"
Package: kvoptions 2016/05/16 v3.12 Key value format for package options (HO)

("C:\Program Files\MiKTeX\tex\generic\oberdiek\kvsetkeys.sty"
Package: kvsetkeys 2016/05/16 v1.17 Key value parser (HO)

("C:\Program Files\MiKTeX\tex\generic\oberdiek\etexcmds.sty"
Package: etexcmds 2016/05/16 v1.6 Avoid name clashes with e-TeX commands (HO)

("C:\Program Files\MiKTeX\tex\generic\oberdiek\ifluatex.sty"
Package: ifluatex 2016/05/16 v1.4 Provides the ifluatex switch (HO)
Package ifluatex Info: LuaTeX not detected.
)
Package etexcmds Info: Could not find \expanded.
(etexcmds)             That can mean that you are not using pdfTeX 1.50 or
(etexcmds)             that some package has redefined \expanded.
(etexcmds)             In the latter case, load this package earlier.
)))
("C:\Program Files\MiKTeX\tex\generic\oberdiek\pdftexcmds.sty"
Package: pdftexcmds 2017/03/19 v0.25 Utility functions of pdfTeX for LuaTeX (HO
)
Package pdftexcmds Info: LuaTeX not detected.
Package pdftexcmds Info: \pdf@primitive is available.
Package pdftexcmds Info: \pdf@ifprimitive is available.
Package pdftexcmds Info: \pdfdraftmode found.
)
Package epstopdf-base Info: Redefining graphics rule for `.eps' on input line 4
38.
Package grfext Info: Graphics extension search list:
(grfext)             [.pdf,.png,.jpg,.mps,.jpeg,.jbig2,.jb2,.PDF,.PNG,.JPG,.JPE
G,.JBIG2,.JB2,.eps]
(grfext)             \AppendGraphicsExtensions on input line 456.
)
*geometry* driver: auto-detecting
*geometry* detected driver: pdftex
*geometry* verbose mode - [ preamble ] result:
* driver: pdftex
* paper: letterpaper
* layout: <same size as paper>
* layoutoffset:(h,v)=(0.0pt,0.0pt)
* modes: 
* h-part:(L,W,R)=(56.9055pt, 500.484pt, 56.9055pt)
* v-part:(T,H,B)=(56.9055pt, 681.15898pt, 56.9055pt)
* \paperwidth=614.295pt
* \paperheight=794.96999pt
* \textwidth=500.484pt
* \textheight=681.15898pt
* \oddsidemargin=-15.36449pt
* \evensidemargin=-15.36449pt
* \topmargin=-52.36449pt
* \headheight=12.0pt
* \headsep=25.0pt
* \topskip=11.0pt
* \footskip=30.0pt
* \marginparwidth=59.0pt
* \marginparsep=10.0pt
* \columnsep=10.0pt
* \skip\footins=10.0pt plus 4.0pt minus 2.0pt
* \hoffset=0.0pt
* \voffset=0.0pt
* \mag=1000
* \@twocolumnfalse
* \@twosidefalse
* \@mparswitchfalse
* \@reversemarginfalse
* (1in=72.27pt=25.4mm, 1cm=28.453pt)

LaTeX Font Info:    Try loading font information for U+msa on input line 17.
("C:\Program Files\MiKTeX\tex\latex\amsfonts\umsa.fd"
File: umsa.fd 2013/01/14 v3.01 AMS symbols A
)
LaTeX Font Info:    Try loading font information for U+msb on input line 17.

("C:\Program Files\MiKTeX\tex\latex\amsfonts\umsb.fd"
File: umsb.fd 2013/01/14 v3.01 AMS symbols B
)
Underfull \hbox (badness 10000) in paragraph at lines 34--41

 []


Underfull \hbox (badness 10000) in paragraph at lines 34--41

 []


Underfull \hbox (badness 10000) in paragraph at lines 34--41

 []

[1

{C:/Users/Luis/AppData/Local/MiKTeX/2.9/pdftex/config/pdftex.map}]

LaTeX Warning: File `imagenes/Diagrama de flujo.png' not found on input line 65
.

<imagenes/Diagrama de flujo.png, id=9, 414.04688pt x 465.99094pt>
File: imagenes/Diagrama de flujo.png Graphic file (type png)
<use imagenes/Diagrama de flujo.png>
Package pdftex.def Info: imagenes/Diagrama de flujo.png  used on input line 65.
 on input line 65.
Package pdftex.def Info: Requested size: 284.52756pt x 320.23288pt on input lin
e 65.

LaTeX Warning: File `imagenes/Red Petri.png' not found on input line 70.

<imagenes/Red Petri.png, id=11, 521.69907pt x 266.49562pt>
File: imagenes/Red Petri.png Graphic file (type png)
<use imagenes/Red Petri.png>
Package pdftex.def Info: imagenes/Red Petri.png  used on input line 70. on inpu
t line 70.
Package pdftex.def Info: Requested size: 341.43306pt x 174.41154pt on input lin
e 70.
<imagenes/poceso01.png, id=12, 536.75531pt x 282.30469pt>
File: imagenes/poceso01.png Graphic file (type png)
<use imagenes/poceso01.png>
Package pdftex.def Info: imagenes/poceso01.png  used on input line 81. on input
 line 81.
Package pdftex.def Info: Requested size: 341.43306pt x 179.57593pt on input lin
e 81.
<imagenes/caso1.png, id=13, 536.75531pt x 282.30469pt>
File: imagenes/caso1.png Graphic file (type png)
<use imagenes/caso1.png>
Package pdftex.def Info: imagenes/caso1.png  used on input line 88. on input li
ne 88.
Package pdftex.def Info: Requested size: 341.43306pt x 179.57593pt on input lin
e 88.
<imagenes/caso2.png, id=14, 536.75531pt x 282.30469pt>
File: imagenes/caso2.png Graphic file (type png)
<use imagenes/caso2.png>
Package pdftex.def Info: imagenes/caso2.png  used on input line 92. on input li
ne 92.
Package pdftex.def Info: Requested size: 341.43306pt x 179.57593pt on input lin
e 92.
<imagenes/poceso02.png, id=15, 536.75531pt x 282.30469pt>
File: imagenes/poceso02.png Graphic file (type png)
<use imagenes/poceso02.png>
Package pdftex.def Info: imagenes/poceso02.png  used on input line 103. on inpu
t line 103.
Package pdftex.def Info: Requested size: 341.43306pt x 179.57593pt on input lin
e 103.
<imagenes/poceso03.png, id=16, 536.75531pt x 282.30469pt>
File: imagenes/poceso03.png Graphic file (type png)
<use imagenes/poceso03.png>
Package pdftex.def Info: imagenes/poceso03.png  used on input line 117. on inpu
t line 117.
Package pdftex.def Info: Requested size: 341.43306pt x 179.57593pt on input lin
e 117.
<imagenes/codigo01.png, id=17, 271.76532pt x 277.035pt>
File: imagenes/codigo01.png Graphic file (type png)
<use imagenes/codigo01.png>
Package pdftex.def Info: imagenes/codigo01.png  used on input line 127. on inpu
t line 127.
Package pdftex.def Info: Requested size: 271.76465pt x 277.03432pt on input lin
e 127.
<imagenes/codigo02.png, id=18, 332.74312pt x 158.09062pt>
File: imagenes/codigo02.png Graphic file (type png)
<use imagenes/codigo02.png>
Package pdftex.def Info: imagenes/codigo02.png  used on input line 132. on inpu
t line 132.
Package pdftex.def Info: Requested size: 332.7423pt x 158.09023pt on input line
 132.
<imagenes/codigo03.png, id=19, 345.54094pt x 324.46219pt>
File: imagenes/codigo03.png Graphic file (type png)
<use imagenes/codigo03.png>
Package pdftex.def Info: imagenes/codigo03.png  used on input line 140. on inpu
t line 140.
Package pdftex.def Info: Requested size: 345.54008pt x 324.46138pt on input lin
e 140.

Underfull \hbox (badness 10000) in paragraph at lines 61--149

 []


Underfull \hbox (badness 10000) in paragraph at lines 61--149

 []


Underfull \hbox (badness 10000) in paragraph at lines 61--149

 []


Underfull \hbox (badness 10000) in paragraph at lines 61--149

 []


Underfull \hbox (badness 10000) in paragraph at lines 61--149

 []


Underfull \hbox (badness 10000) in paragraph at lines 61--149

 []


Underfull \hbox (badness 10000) in paragraph at lines 61--149

 []


Underfull \hbox (badness 10000) in paragraph at lines 61--149

 []


Underfull \hbox (badness 10000) in paragraph at lines 61--149

 []


Underfull \hbox (badness 10000) in paragraph at lines 61--149

 []


Underfull \hbox (badness 10000) in paragraph at lines 61--149

 []


Underfull \hbox (badness 10000) in paragraph at lines 61--149

 []


Underfull \hbox (badness 10000) in paragraph at lines 61--149

 []


Underfull \hbox (badness 10000) in paragraph at lines 61--149

 []


Underfull \hbox (badness 10000) in paragraph at lines 61--149

 []


Underfull \hbox (badness 10000) in paragraph at lines 61--149

 []


Underfull \hbox (badness 10000) in paragraph at lines 61--149

 []


Underfull \hbox (badness 10000) in paragraph at lines 61--149

 []


Underfull \hbox (badness 10000) in paragraph at lines 61--149

 []


Underfull \hbox (badness 10000) in paragraph at lines 61--149

 []


Underfull \hbox (badness 10000) in paragraph at lines 61--149

 []


Underfull \hbox (badness 10000) in paragraph at lines 61--149

 []


Underfull \hbox (badness 10000) in paragraph at lines 61--149

 []


Underfull \hbox (badness 10000) in paragraph at lines 61--149

 []


Underfull \hbox (badness 10000) in paragraph at lines 61--149

 []


Underfull \hbox (badness 10000) in paragraph at lines 61--149

 []


Underfull \hbox (badness 10000) in paragraph at lines 61--149

 []


Underfull \hbox (badness 10000) in paragraph at lines 61--149

 []


Underfull \hbox (badness 10000) in paragraph at lines 61--149

 []


Underfull \hbox (badness 10000) in paragraph at lines 61--149

 []


Underfull \hbox (badness 10000) in paragraph at lines 61--149

 []


Underfull \hbox (badness 10000) in paragraph at lines 61--149

 []


Underfull \hbox (badness 10000) in paragraph at lines 61--149

 []


Underfull \hbox (badness 10000) in paragraph at lines 61--149

 []


Underfull \hbox (badness 10000) in paragraph at lines 61--149

 []


Underfull \hbox (badness 10000) in paragraph at lines 61--149

 []


Underfull \hbox (badness 10000) in paragraph at lines 61--149

 []


Underfull \hbox (badness 10000) in paragraph at lines 61--149

 []


Underfull \hbox (badness 10000) in paragraph at lines 61--149

 []


Underfull \hbox (badness 10000) in paragraph at lines 61--149

 []


Underfull \hbox (badness 10000) in paragraph at lines 61--149

 []


Underfull \hbox (badness 10000) in paragraph at lines 61--149

 []


Underfull \hbox (badness 10000) in paragraph at lines 61--149

 []


Underfull \hbox (badness 10000) in paragraph at lines 61--149

 []


Underfull \hbox (badness 10000) in paragraph at lines 61--149

 []


Underfull \hbox (badness 10000) in paragraph at lines 61--149

 []


Underfull \hbox (badness 10000) in paragraph at lines 61--149

 []


Underfull \hbox (badness 10000) in paragraph at lines 61--149

 []

[2] [3 <./imagenes/Diagrama de flujo.png> <./imagenes/Red Petri.png>] [4 <./ima
genes/poceso01.png> <./imagenes/caso1.png>] [5 <./imagenes/caso2.png> <./imagen
es/poceso02.png>] [6 <./imagenes/poceso03.png> <./imagenes/codigo01.png>]
[7 <./imagenes/codigo02.png> <./imagenes/codigo03.png>]
Underfull \hbox (badness 10000) in paragraph at lines 150--155

 []


Underfull \hbox (badness 10000) in paragraph at lines 150--155

 []

[8] (tarea3.aux
LaTeX Info: Redefining \. on input line 6.
LaTeX Info: Redefining \% on input line 6.
) ) 
Here is how much of TeX's memory you used:
 3830 strings out of 493323
 51338 string characters out of 3139068
 133920 words of memory out of 3000000
 7290 multiletter control sequences out of 15000+200000
 11144 words of font info for 43 fonts, out of 3000000 for 9000
 1141 hyphenation exceptions out of 8191
 41i,7n,30p,584b,359s stack positions out of 5000i,500n,10000p,200000b,50000s
<C:/Program Files/MiKTeX/fonts/type1/public/amsfonts/cm/cmbx12.pfb><C:/Progr
am Files/MiKTeX/fonts/type1/public/amsfonts/cm/cmr10.pfb><C:/Program Files/MiKT
eX/fonts/type1/public/amsfonts/cm/cmr12.pfb><C:/Program Files/MiKTeX/fonts/type
1/public/amsfonts/cm/cmr17.pfb>
Output written on tarea3.pdf (8 pages, 173834 bytes).
PDF statistics:
 63 PDF objects out of 1000 (max. 8388607)
 0 named destinations out of 1000 (max. 500000)
 51 words of extra memory for PDF output out of 10000 (max. 10000000)

